2023-10-24T23:38:56.059779700+08:00 INFO actix_server::server - SIGINT received; starting forced shutdown
2023-10-24T23:38:56.060274500+08:00 INFO actix_server::worker - shutting down idle worker
2023-10-24T23:38:56.060443700+08:00 INFO actix_server::worker - shutting down idle worker
2023-10-24T23:38:56.060541400+08:00 INFO actix_server::worker - shutting down idle worker
2023-10-24T23:38:56.060669800+08:00 INFO actix_server::worker - shutting down idle worker
2023-10-24T23:38:56.060774500+08:00 INFO actix_server::worker - shutting down idle worker
2023-10-24T23:38:56.060882500+08:00 INFO actix_server::worker - shutting down idle worker
2023-10-24T23:38:56.060992400+08:00 INFO actix_server::worker - shutting down idle worker
2023-10-24T23:38:56.068637100+08:00 INFO actix_server::worker - shutting down idle worker
2023-10-24T23:38:56.068703900+08:00 INFO actix_server::worker - shutting down idle worker
2023-10-24T23:38:56.068741200+08:00 INFO actix_server::worker - shutting down idle worker
2023-10-24T23:38:56.068779700+08:00 INFO actix_server::worker - shutting down idle worker
2023-10-24T23:38:56.068804600+08:00 INFO actix_server::worker - shutting down idle worker
2023-10-24T23:38:56.068838100+08:00 INFO actix_server::worker - shutting down idle worker
2023-10-24T23:38:56.068868500+08:00 INFO actix_server::worker - shutting down idle worker
2023-10-24T23:38:56.068903400+08:00 INFO actix_server::worker - shutting down idle worker
2023-10-24T23:38:56.068931200+08:00 INFO actix_server::accept - accept thread stopped
2023-10-24T23:38:56.068970300+08:00 INFO actix_server::worker - shutting down idle worker
2023-10-24T23:38:57.442730700+08:00 INFO actix_server::builder - starting 16 workers
2023-10-24T23:38:57.442976700+08:00 INFO actix_server::server - Actix runtime found; starting in Actix runtime
2023-10-24T23:39:07.537214700+08:00 INFO axun_1 - booting up 123
2023-10-24T23:39:08.870317600+08:00 INFO axun_1 - booting up 123
2023-10-24T23:41:26.355790800+08:00 INFO actix_server::builder - starting 16 workers
2023-10-24T23:41:26.356117100+08:00 INFO actix_server::server - Actix runtime found; starting in Actix runtime
2023-10-24T23:41:35.023690+08:00 INFO axun_1 - booting up 123
2023-10-24T23:41:37.473192300+08:00 INFO axun_1 - booting up 123
2023-10-24T23:41:39.165520800+08:00 INFO axun_1 - booting up 123
2023-10-24T23:44:44.567256800+08:00 INFO axun_1 - booting up 123
2023-10-24T23:44:46.799219+08:00 INFO actix_server::server - SIGINT received; starting forced shutdown
2023-10-24T23:44:46.799717200+08:00 INFO actix_server::accept - accept thread stopped
2023-10-24T23:44:46.800005500+08:00 INFO actix_server::worker - force shutdown worker, closing 1 connections
2023-10-24T23:44:46.800147400+08:00 INFO actix_server::worker - shutting down idle worker
2023-10-24T23:44:46.800256900+08:00 INFO actix_server::worker - shutting down idle worker
2023-10-24T23:44:46.800396400+08:00 INFO actix_server::worker - shutting down idle worker
2023-10-24T23:44:46.800579600+08:00 INFO actix_server::worker - shutting down idle worker
2023-10-24T23:44:46.800743200+08:00 INFO actix_server::worker - shutting down idle worker
2023-10-24T23:44:46.800885200+08:00 INFO actix_server::worker - shutting down idle worker
2023-10-24T23:44:46.801125600+08:00 INFO actix_server::worker - shutting down idle worker
2023-10-24T23:44:46.801268800+08:00 INFO actix_server::worker - shutting down idle worker
2023-10-24T23:44:46.801417800+08:00 INFO actix_server::worker - shutting down idle worker
2023-10-24T23:44:46.801616100+08:00 INFO actix_server::worker - shutting down idle worker
2023-10-24T23:44:46.801729400+08:00 INFO actix_server::worker - shutting down idle worker
2023-10-24T23:44:46.801940600+08:00 INFO actix_server::worker - shutting down idle worker
2023-10-24T23:44:46.802047+08:00 INFO actix_server::worker - shutting down idle worker
2023-10-24T23:44:46.802250600+08:00 INFO actix_server::worker - shutting down idle worker
2023-10-24T23:44:46.802352100+08:00 INFO actix_server::worker - shutting down idle worker
